f(1) = 1
f(2) = 2
f(3) = 1
f(4) = 1
f(5) = 1
f(6) = 4
f(7) = 4
f(8) = 8
f(9) = 7
f(10) = 3
f(11) = 6
f(12) = 12
f(13) = 12
f(14) = 3
f(15) = 15
f(16) = 16
f(17) = 9
f(18) = 8
f(19) = 14
f(20) = 3
f(21) = 19
f(22) = 14
f(23) = 19
f(24) = 16
f(25) = 7
f(26) = 4
f(27) = 4
f(28) = 18
f(29) = 3
f(30) = 15
f(31) = 8
f(32) = 13
f(33) = 15
f(34) = 18
f(35) = 19
f(36) = 4
f(37) = 14
f(38) = 6
f(39) = 27
f(40) = 31
f(41) = 24
f(42) = 15
f(43) = 31
f(44) = 33
f(45) = 45
f(46) = 42
f(47) = 44
f(48) = 31
f(49) = 20
f(50) = 16
f(51) = 3
f(52) = 22
f(53) = 38
f(54) = 24
f(55) = 53
f(56) = 43
f(57) = 16
f(58) = 22
f(59) = 21
f(60) = 60
f(61) = 25
f(62) = 35
f(63) = 26
f(64) = 43
f(65) = 34
f(66) = 38
f(67) = 37
f(68) = 57
f(69) = 48
f(70) = 46
f(71) = 36
f(72) = 45
f(73) = 40
f(74) = 25
f(75) = 57
f(76) = 46
f(77) = 14
f(78) = 37
f(79) = 48
f(80) = 67
f(81) = 42
f(82) = 37
f(83) = 19
f(84) = 6
f(85) = 75
f(86) = 35
f(87) = 29
f(88) = 22
f(89) = 25
f(90) = 83
f(91) = 18
f(92) = 82
f(93) = 70
f(94) = 38
f(95) = 92
f(96) = 95
f(97) = 66
f(98) = 40
f(99) = 74
f(100) = 61
f(101) = 3
f(102) = 70
f(103) = 20
f(104) = 62
f(105) = 56
f(106) = 97
f(107) = 27
f(108) = 20
f(109) = 50
f(110) = 27
f(111) = 32
f(112) = 11
f(113) = 65
f(114) = 35
f(115) = 76
f(116) = 29
f(117) = 107
f(118) = 73
f(119) = 6
f(120) = 95
f(121) = 54
f(122) = 21
f(123) = 71
f(124) = 54
f(125) = 86
f(126) = 82
f(127) = 40
f(128) = 60
f(129) = 69
f(130) = 44
f(131) = 67
f(132) = 55
f(133) = 109
f(134) = 65
f(135) = 116
f(136) = 114
f(137) = 65
f(138) = 50
f(139) = 97
f(140) = 94
f(141) = 82
f(142) = 103
f(143) = 45
f(144) = 45
f(145) = 144
f(146) = 45
f(147) = 47
f(148) = 43
f(149) = 79
f(150) = 76
f(151) = 81
f(152) = 82
f(153) = 148
f(154) = 54
f(155) = 32
f(156) = 117
f(157) = 142
f(158) = 30
f(159) = 156
f(160) = 122
f(161) = 106
f(162) = 107
f(163) = 9
f(164) = 34
f(165) = 126
f(166) = 67
f(167) = 45
f(168) = 9
f(169) = 164
f(170) = 25
f(171) = 145
f(172) = 67
f(173) = 90
f(174) = 138
f(175) = 156
f(176) = 33
f(177) = 120
f(178) = 19
f(179) = 34
f(180) = 79
f(181) = 70
f(182) = 176
f(183) = 114
f(184) = 98
f(185) = 157
f(186) = 128
f(187) = 67
f(188) = 54
f(189) = 143
f(190) = 59
f(191) = 103
f(192) = 70
f(193) = 52
f(194) = 179
f(195) = 134
f(196) = 8
f(197) = 21
f(198) = 161
f(199) = 92
f(200) = 141
f(201) = 76
f(202) = 18
f(203) = 26
f(204) = 37
f(205) = 158
f(206) = 13
f(207) = 142
f(208) = 186
f(209) = 138
f(210) = 107
f(211) = 12
f(212) = 115
f(213) = 134
f(214) = 19
f(215) = 184
f(216) = 144
f(217) = 57
f(218) = 139
f(219) = 104
f(220) = 178
f(221) = 217
f(222) = 93
f(223) = 207
f(224) = 150
f(225) = 42
f(226) = 145
f(227) = 47
f(228) = 81
f(229) = 106
f(230) = 135
f(231) = 108
f(232) = 45
f(233) = 9
f(234) = 193
f(235) = 30
f(236) = 36
f(237) = 202
f(238) = 32
f(239) = 12
f(240) = 240
f(241) = 213
f(242) = 230
f(243) = 176
f(244) = 54
f(245) = 82
f(246) = 96
f(247) = 93
f(248) = 243
f(249) = 172
f(250) = 195
f(251) = 128
f(252) = 3
f(253) = 65
f(254) = 117
f(255) = 62
f(256) = 6
f(257) = 192
f(258) = 111
f(259) = 208
f(260) = 181
f(261) = 47
f(262) = 47
f(263) = 237
f(264) = 91
f(265) = 156
f(266) = 108
f(267) = 69
f(268) = 90
f(269) = 257
f(270) = 263
f(271) = 52
f(272) = 103
f(273) = 96
f(274) = 156
f(275) = 127
f(276) = 12
f(277) = 79
f(278) = 153
f(279) = 141
f(280) = 72
f(281) = 121
f(282) = 49
f(283) = 83
f(284) = 46
f(285) = 138
f(286) = 220
f(287) = 180
f(288) = 275
f(289) = 282
f(290) = 218
f(291) = 174
f(292) = 87
f(293) = 161
f(294) = 72
f(295) = 282
f(296) = 262
f(297) = 256
f(298) = 53
f(299) = 101
f(300) = 278
f(301) = 178
f(302) = 95
f(303) = 139
f(304) = 212
f(305) = 112
f(306) = 267
f(307) = 277
f(308) = 225
f(309) = 291
f(310) = 50
f(311) = 250
f(312) = 176
f(313) = 26
f(314) = 104
f(315) = 31
f(316) = 64
f(317) = 199
f(318) = 104
f(319) = 279
f(320) = 21
f(321) = 12
f(322) = 111
f(323) = 12
f(324) = 292
f(325) = 212
f(326) = 246
f(327) = 247
f(328) = 40
f(329) = 9
f(330) = 282
f(331) = 258
f(332) = 170
f(333) = 182
f(334) = 199
f(335) = 136
f(336) = 86
f(337) = 62
f(338) = 303
f(339) = 78
f(340) = 173
f(341) = 202
f(342) = 248
f(343) = 161
f(344) = 192
f(345) = 326
f(346) = 298
f(347) = 45
f(348) = 235
f(349) = 297
f(350) = 344
f(351) = 49
f(352) = 110
f(353) = 166
f(354) = 152
f(355) = 50
f(356) = 334
f(357) = 320
f(358) = 217
f(359) = 114
f(360) = 332
f(361) = 11
f(362) = 91
f(363) = 91
f(364) = 64
f(365) = 259
f(366) = 240
f(367) = 173
f(368) = 92
f(369) = 137
f(370) = 76
f(371) = 99
f(372) = 226
f(373) = 163
f(374) = 91
f(375) = 329
f(376) = 249
f(377) = 343
f(378) = 3
f(379) = 339
f(380) = 103
f(381) = 256
f(382) = 363
f(383) = 376
f(384) = 362
f(385) = 142
f(386) = 88
f(387) = 52
f(388) = 64
f(389) = 305
f(390) = 177
f(391) = 131
f(392) = 372
f(393) = 163
f(394) = 295
f(395) = 102
f(396) = 355
f(397) = 201
f(398) = 130
f(399) = 179
f(400) = 264
f(401) = 189
f(402) = 196
f(403) = 118
f(404) = 371
f(405) = 150
f(406) = 52
f(407) = 262
f(408) = 245
f(409) = 200
f(410) = 171
f(411) = 313
f(412) = 306
f(413) = 280
f(414) = 27
f(415) = 205
f(416) = 101
f(417) = 185
f(418) = 38
f(419) = 74
f(420) = 298
f(421) = 48
f(422) = 169
f(423) = 323
f(424) = 35
f(425) = 298
f(426) = 183
f(427) = 219
f(428) = 423
f(429) = 148
f(430) = 153
f(431) = 260
f(432) = 326
f(433) = 42
f(434) = 330
f(435) = 282
f(436) = 163
f(437) = 76
f(438) = 137
f(439) = 97
f(440) = 244
f(441) = 237
f(442) = 442
f(443) = 193
f(444) = 434
f(445) = 146
f(446) = 186
f(447) = 62
f(448) = 424
f(449) = 161
f(450) = 228
f(451) = 23
f(452) = 93
f(453) = 7
f(454) = 189
f(455) = 171
f(456) = 82
f(457) = 15
f(458) = 316
f(459) = 131
f(460) = 73
f(461) = 226
f(462) = 269
f(463) = 297
f(464) = 315
f(465) = 304
f(466) = 317
f(467) = 418
f(468) = 455
f(469) = 298
f(470) = 404
f(471) = 333
f(472) = 29
f(473) = 322
f(474) = 59
f(475) = 447
f(476) = 407
f(477) = 167
f(478) = 286
f(479) = 234
f(480) = 230
f(481) = 51
f(482) = 112
f(483) = 297
f(484) = 264
f(485) = 103
f(486) = 482
f(487) = 413
f(488) = 119
f(489) = 402
f(490) = 153
f(491) = 356
f(492) = 44
f(493) = 90
f(494) = 443
f(495) = 417
f(496) = 273
f(497) = 367
f(498) = 413
f(499) = 149
f(500) = 115
f(501) = 274
f(502) = 337
f(503) = 342
f(504) = 309
f(505) = 459
f(506) = 242
f(507) = 347
f(508) = 461
f(509) = 251
f(510) = 103
f(511) = 15
f(512) = 134
f(513) = 70
f(514) = 217
f(515) = 110
f(516) = 44
f(517) = 503
f(518) = 120
f(519) = 360
f(520) = 361
f(521) = 81
f(522) = 97
f(523) = 511
f(524) = 433
f(525) = 236
f(526) = 492
f(527) = 397
f(528) = 131
f(529) = 457
f(530) = 206
f(531) = 405
f(532) = 446
f(533) = 414
f(534) = 429
f(535) = 395
f(536) = 485
f(537) = 299
f(538) = 366
f(539) = 248
f(540) = 351
f(541) = 9
f(542) = 406
f(543) = 240
f(544) = 239
f(545) = 473
f(546) = 457
f(547) = 454
f(548) = 512
f(549) = 517
f(550) = 90
f(551) = 219
f(552) = 335
f(553) = 297
f(554) = 9
f(555) = 66
f(556) = 466
f(557) = 443
f(558) = 536
f(559) = 508
f(560) = 277
f(561) = 108
f(562) = 150
f(563) = 243
f(564) = 496
f(565) = 350
f(566) = 513
f(567) = 331
f(568) = 190
f(569) = 195
f(570) = 234
f(571) = 362
f(572) = 226
f(573) = 479
f(574) = 345
f(575) = 396
f(576) = 161
f(577) = 193
f(578) = 33
f(579) = 262
f(580) = 314
f(581) = 163
f(582) = 475
f(583) = 349
f(584) = 173
f(585) = 559
f(586) = 225
f(587) = 471
f(588) = 475
f(589) = 558
f(590) = 208
f(591) = 357
f(592) = 486
f(593) = 407
f(594) = 59
f(595) = 518
f(596) = 285
f(597) = 158
f(598) = 180
f(599) = 142
f(600) = 48
f(601) = 433
f(602) = 494
f(603) = 371
f(604) = 244
f(605) = 595
f(606) = 364
f(607) = 310
f(608) = 164
f(609) = 591
f(610) = 165
f(611) = 430
f(612) = 98
f(613) = 304
f(614) = 67
f(615) = 358
f(616) = 445
f(617) = 527
f(618) = 294
f(619) = 9
f(620) = 577
f(621) = 79
f(622) = 246
f(623) = 209
f(624) = 613
f(625) = 378
f(626) = 592
f(627) = 72
f(628) = 527
f(629) = 196
f(630) = 92
f(631) = 401
f(632) = 362
f(633) = 14
f(634) = 573
f(635) = 33
f(636) = 422
f(637) = 611
f(638) = 255
f(639) = 206
f(640) = 216
f(641) = 574
f(642) = 372
f(643) = 590
f(644) = 383
f(645) = 209
f(646) = 635
f(647) = 14
f(648) = 193
f(649) = 288
f(650) = 65
f(651) = 383
f(652) = 581
f(653) = 439
f(654) = 118
f(655) = 234
f(656) = 466
f(657) = 386
f(658) = 577
f(659) = 404
f(660) = 373
f(661) = 626
f(662) = 566
f(663) = 275
f(664) = 641
f(665) = 25
f(666) = 230
f(667) = 584
f(668) = 175
f(669) = 56
f(670) = 366
f(671) = 62
f(672) = 275
f(673) = 312
f(674) = 475
f(675) = 122
f(676) = 72
f(677) = 51
f(678) = 29
f(679) = 209
f(680) = 86
f(681) = 500
f(682) = 111
f(683) = 550
f(684) = 98
f(685) = 126
f(686) = 469
f(687) = 330
f(688) = 662
f(689) = 163
f(690) = 498
f(691) = 148
f(692) = 188
f(693) = 513
f(694) = 62
f(695) = 180
f(696) = 103
f(697) = 38
f(698) = 1
f(699) = 152
f(700) = 633
f(701) = 483
f(702) = 690
f(703) = 217
f(704) = 9
f(705) = 135
f(706) = 255
f(707) = 363
f(708) = 332
f(709) = 695
f(710) = 543
f(711) = 14
f(712) = 708
f(713) = 601
f(714) = 459
f(715) = 517
f(716) = 159
f(717) = 217
f(718) = 216
f(719) = 187
f(720) = 549
f(721) = 14
f(722) = 500
f(723) = 103
f(724) = 195
f(725) = 475
f(726) = 510
f(727) = 161
f(728) = 185
f(729) = 418
f(730) = 88
f(731) = 456
f(732) = 419
f(733) = 294
f(734) = 482
f(735) = 419
f(736) = 117
f(737) = 78
f(738) = 460
f(739) = 61
f(740) = 602
f(741) = 4
f(742) = 470
f(743) = 676
f(744) = 345
f(745) = 420
f(746) = 357
f(747) = 464
f(748) = 736
f(749) = 290
f(750) = 312
f(751) = 612
f(752) = 607
f(753) = 90
f(754) = 412
f(755) = 199
f(756) = 631
f(757) = 387
f(758) = 561
f(759) = 572
f(760) = 370
f(761) = 158
f(762) = 384
f(763) = 490
f(764) = 746
f(765) = 212
f(766) = 302
f(767) = 213
f(768) = 290
f(769) = 32
f(770) = 720
f(771) = 69
f(772) = 164
f(773) = 626
f(774) = 178
f(775) = 104
f(776) = 582
f(777) = 599
f(778) = 270
f(779) = 735
f(780) = 553
f(781) = 494
f(782) = 266
f(783) = 486
f(784) = 126
f(785) = 525
f(786) = 708
f(787) = 370
f(788) = 98
f(789) = 52
f(790) = 688
f(791) = 402
f(792) = 323
f(793) = 216
f(794) = 776
f(795) = 413
f(796) = 736
f(797) = 796
f(798) = 38
f(799) = 529
f(800) = 228
f(801) = 21
f(802) = 131
f(803) = 109
f(804) = 632
f(805) = 48
f(806) = 511
f(807) = 185
f(808) = 189
f(809) = 116
f(810) = 758
f(811) = 117
f(812) = 228
f(813) = 329
f(814) = 667
f(815) = 697
f(816) = 182
f(817) = 569
f(818) = 66
f(819) = 235
f(820) = 428
f(821) = 218
f(822) = 332
f(823) = 46
f(824) = 479
f(825) = 33
f(826) = 752
f(827) = 45
f(828) = 460
f(829) = 512
f(830) = 494
f(831) = 713
f(832) = 27
f(833) = 510
f(834) = 536
f(835) = 775
f(836) = 389
f(837) = 256
f(838) = 468
f(839) = 696
f(840) = 567
f(841) = 375
f(842) = 683
f(843) = 193
f(844) = 713
f(845) = 447
f(846) = 200
f(847) = 258
f(848) = 256
f(849) = 178
f(850) = 775
f(851) = 156
f(852) = 829
f(853) = 90
f(854) = 244
f(855) = 640
f(856) = 751
f(857) = 9
f(858) = 765
f(859) = 371
f(860) = 428
f(861) = 697
f(862) = 361
f(863) = 635
f(864) = 207
f(865) = 677
f(866) = 255
f(867) = 594
f(868) = 182
f(869) = 482
f(870) = 787
f(871) = 447
f(872) = 278
f(873) = 840
f(874) = 732
f(875) = 687
f(876) = 812
f(877) = 819
f(878) = 385
f(879) = 303
f(880) = 466
f(881) = 543
f(882) = 111
f(883) = 734
f(884) = 619
f(885) = 374
f(886) = 157
f(887) = 631
f(888) = 370
f(889) = 366
f(890) = 819
f(891) = 3
f(892) = 318
f(893) = 102
f(894) = 686
f(895) = 793
f(896) = 882
f(897) = 828
f(898) = 812
f(899) = 297
f(900) = 333
f(901) = 615
f(902) = 705
f(903) = 851
f(904) = 877
f(905) = 23
f(906) = 338
f(907) = 285
f(908) = 733
f(909) = 193
f(910) = 645
f(911) = 575
f(912) = 797
f(913) = 803
f(914) = 621
f(915) = 836
f(916) = 914
f(917) = 493
f(918) = 605
f(919) = 377
f(920) = 609
f(921) = 736
f(922) = 344
f(923) = 873
f(924) = 807
f(925) = 93
f(926) = 782
f(927) = 141
f(928) = 771
f(929) = 402
f(930) = 331
f(931) = 148
f(932) = 73
f(933) = 690
f(934) = 717
f(935) = 865
f(936) = 483
f(937) = 782
f(938) = 592
f(939) = 839
f(940) = 183
f(941) = 382
f(942) = 247
f(943) = 503
f(944) = 526
f(945) = 635
f(946) = 731
f(947) = 138
f(948) = 192
f(949) = 532
f(950) = 446
f(951) = 243
f(952) = 846
f(953) = 925
f(954) = 944
f(955) = 229
f(956) = 460
f(957) = 479
f(958) = 603
f(959) = 60
f(960) = 39
f(961) = 333
f(962) = 698
f(963) = 869
f(964) = 174
f(965) = 48
f(966) = 736
f(967) = 706
f(968) = 801
f(969) = 900
f(970) = 428
f(971) = 331
f(972) = 630
f(973) = 195
f(974) = 840
f(975) = 354
f(976) = 37
f(977) = 394
f(978) = 314
f(979) = 13
f(980) = 105
f(981) = 299
f(982) = 937
f(983) = 783
f(984) = 395
f(985) = 820
f(986) = 763
f(987) = 369
f(988) = 938
f(989) = 811
f(990) = 122
f(991) = 817
f(992) = 470
f(993) = 393
f(994) = 395
f(995) = 83
f(996) = 104
f(997) = 787
f(998) = 663
f(999) = 960
f(1000) = 897
f(1001) = 650
f(1002) = 404
f(1003) = 540
f(1004) = 80
f(1005) = 19
f(1006) = 506
f(1007) = 529
f(1008) = 622
f(1009) = 784
f(1010) = 495
f(1011) = 526
f(1012) = 235
f(1013) = 428
f(1014) = 377
f(1015) = 549
f(1016) = 15
f(1017) = 829
f(1018) = 886
f(1019) = 215
f(1020) = 763
f(1021) = 686
f(1022) = 361
f(1023) = 774
f(1024) = 689
f(1025) = 27
f(1026) = 788
f(1027) = 969
f(1028) = 89
f(1029) = 971
f(1030) = 261
f(1031) = 6
f(1032) = 662
f(1033) = 7
f(1034) = 179
f(1035) = 357
f(1036) = 798
f(1037) = 1005
f(1038) = 602
f(1039) = 446
f(1040) = 948
f(1041) = 515
f(1042) = 309
f(1043) = 650
f(1044) = 704
f(1045) = 996
f(1046) = 506
f(1047) = 361
f(1048) = 467
f(1049) = 40
f(1050) = 297
f(1051) = 934
f(1052) = 401
f(1053) = 859
f(1054) = 900
f(1055) = 700
f(1056) = 64
f(1057) = 965
f(1058) = 779
f(1059) = 570
f(1060) = 340
f(1061) = 123
f(1062) = 419
f(1063) = 1007
f(1064) = 1005
f(1065) = 1031
f(1066) = 492
f(1067) = 513
f(1068) = 90
f(1069) = 681
f(1070) = 148
f(1071) = 622
f(1072) = 560
f(1073) = 840
f(1074) = 389
f(1075) = 549
f(1076) = 106
f(1077) = 230
f(1078) = 456
f(1079) = 91
f(1080) = 594
f(1081) = 812
f(1082) = 474
f(1083) = 1015
f(1084) = 184
f(1085) = 304
f(1086) = 167
f(1087) = 661
f(1088) = 658
f(1089) = 416
f(1090) = 310
f(1091) = 666
f(1092) = 451
f(1093) = 946
f(1094) = 1043
f(1095) = 413
f(1096) = 902
f(1097) = 293
f(1098) = 637
f(1099) = 130
f(1100) = 672
f(1101) = 609
f(1102) = 1043
f(1103) = 1053
f(1104) = 361
f(1105) = 118
f(1106) = 317
f(1107) = 821
f(1108) = 737
f(1109) = 247
f(1110) = 119
f(1111) = 12
f(1112) = 605
f(1113) = 978
f(1114) = 263
f(1115) = 707
f(1116) = 669
f(1117) = 70
f(1118) = 489
f(1119) = 733
f(1120) = 523
f(1121) = 1064
f(1122) = 327
f(1123) = 452
f(1124) = 1005
f(1125) = 201
f(1126) = 758
f(1127) = 1091
f(1128) = 1105
f(1129) = 1127
f(1130) = 461
f(1131) = 512
f(1132) = 973
f(1133) = 986
f(1134) = 144
f(1135) = 251
f(1136) = 36
f(1137) = 632
f(1138) = 556
f(1139) = 923
f(1140) = 532
f(1141) = 998
f(1142) = 1042
f(1143) = 634
f(1144) = 562
f(1145) = 804
f(1146) = 460
f(1147) = 1052
f(1148) = 231
f(1149) = 880
f(1150) = 220
f(1151) = 362
f(1152) = 647
f(1153) = 135
f(1154) = 913
f(1155) = 111
f(1156) = 890
f(1157) = 56
f(1158) = 753
f(1159) = 113
f(1160) = 74
f(1161) = 464
f(1162) = 708
f(1163) = 438
f(1164) = 318
f(1165) = 478
f(1166) = 16
f(1167) = 1042
f(1168) = 908
f(1169) = 245
f(1170) = 109
f(1171) = 654
f(1172) = 460
f(1173) = 69
f(1174) = 918
f(1175) = 282
f(1176) = 399
f(1177) = 640
f(1178) = 749
f(1179) = 1116
f(1180) = 95
f(1181) = 59
f(1182) = 231
f(1183) = 694
f(1184) = 913
f(1185) = 1149
f(1186) = 321
f(1187) = 367
f(1188) = 155
f(1189) = 631
f(1190) = 1096
f(1191) = 429
f(1192) = 84
f(1193) = 233
f(1194) = 134
f(1195) = 139
f(1196) = 47
f(1197) = 530
f(1198) = 922
f(1199) = 504
f(1200) = 361
f(1201) = 1185
f(1202) = 717
f(1203) = 136
f(1204) = 562
f(1205) = 204
f(1206) = 1168
f(1207) = 271
f(1208) = 572
f(1209) = 966
f(1210) = 84
f(1211) = 1121
f(1212) = 1053
f(1213) = 572
f(1214) = 589
f(1215) = 1165
f(1216) = 611
f(1217) = 86
f(1218) = 26
f(1219) = 317
f(1220) = 431
f(1221) = 103
f(1222) = 779
f(1223) = 550
f(1224) = 478
f(1225) = 932
f(1226) = 824
f(1227) = 82
f(1228) = 1037
f(1229) = 226
f(1230) = 996
f(1231) = 289
f(1232) = 991
f(1233) = 820
f(1234) = 945
f(1235) = 965
f(1236) = 96
f(1237) = 332
f(1238) = 263
f(1239) = 1208
f(1240) = 151
f(1241) = 514
f(1242) = 140
f(1243) = 595
f(1244) = 485
f(1245) = 1007
f(1246) = 323
f(1247) = 362
f(1248) = 279
f(1249) = 644
f(1250) = 656
f(1251) = 507
f(1252) = 207
f(1253) = 29
f(1254) = 105
f(1255) = 1216
f(1256) = 830
f(1257) = 1024
f(1258) = 89
f(1259) = 1080
f(1260) = 1135
f(1261) = 507
f(1262) = 1063
f(1263) = 1240
f(1264) = 1222
f(1265) = 584
f(1266) = 454
f(1267) = 313
f(1268) = 1170
f(1269) = 465
f(1270) = 254
f(1271) = 656
f(1272) = 1230
f(1273) = 574
f(1274) = 1247
f(1275) = 912
f(1276) = 939
f(1277) = 1081
f(1278) = 579
f(1279) = 27
f(1280) = 1255
f(1281) = 838
f(1282) = 296
f(1283) = 151
f(1284) = 856
f(1285) = 1183
f(1286) = 823
f(1287) = 1059
f(1288) = 445
f(1289) = 994
f(1290) = 799
f(1291) = 1291
f(1292) = 1154
f(1293) = 25
f(1294) = 444
f(1295) = 47
f(1296) = 460
f(1297) = 947
f(1298) = 1194
f(1299) = 668
f(1300) = 315
f(1301) = 717
f(1302) = 427
f(1303) = 126
f(1304) = 277
f(1305) = 105
f(1306) = 1219
f(1307) = 104
f(1308) = 442
f(1309) = 761
f(1310) = 658
f(1311) = 954
f(1312) = 883
f(1313) = 350
f(1314) = 264
f(1315) = 1024
f(1316) = 972
f(1317) = 1053
f(1318) = 666
f(1319) = 704
f(1320) = 1177
f(1321) = 88
f(1322) = 1306
f(1323) = 715
f(1324) = 800
f(1325) = 672
f(1326) = 586
f(1327) = 692
f(1328) = 559
f(1329) = 602
f(1330) = 474
f(1331) = 15
f(1332) = 548
f(1333) = 833
f(1334) = 869
f(1335) = 629
f(1336) = 1138
f(1337) = 157
f(1338) = 202
f(1339) = 147
f(1340) = 116
f(1341) = 303
f(1342) = 449
f(1343) = 484
f(1344) = 1276
f(1345) = 104
f(1346) = 648
f(1347) = 470
f(1348) = 115
f(1349) = 640
f(1350) = 661
f(1351) = 67
f(1352) = 1199
f(1353) = 437
f(1354) = 1076
f(1355) = 233
f(1356) = 735
f(1357) = 456
f(1358) = 428
f(1359) = 361
f(1360) = 1254
f(1361) = 463
f(1362) = 423
f(1363) = 1235
f(1364) = 318
f(1365) = 300
f(1366) = 422
f(1367) = 1260
f(1368) = 1210
f(1369) = 1139
f(1370) = 581
f(1371) = 267
f(1372) = 1096
f(1373) = 385
f(1374) = 1205
f(1375) = 340
f(1376) = 1255
f(1377) = 341
f(1378) = 1072
f(1379) = 403
f(1380) = 670
f(1381) = 593
f(1382) = 322
f(1383) = 958
f(1384) = 1052
f(1385) = 1222
f(1386) = 744
f(1387) = 941
f(1388) = 7
f(1389) = 292
f(1390) = 1367
f(1391) = 533
f(1392) = 466
f(1393) = 257
f(1394) = 396
f(1395) = 39
f(1396) = 445
f(1397) = 1025
f(1398) = 449
f(1399) = 659
f(1400) = 145
f(1401) = 466
f(1402) = 536
f(1403) = 648
f(1404) = 1288
f(1405) = 49
f(1406) = 196
f(1407) = 337
f(1408) = 318
f(1409) = 973
f(1410) = 801
f(1411) = 783
f(1412) = 471
f(1413) = 392
f(1414) = 714
f(1415) = 873
f(1416) = 1202
f(1417) = 703
f(1418) = 271
f(1419) = 807
f(1420) = 493
f(1421) = 1125
f(1422) = 370
f(1423) = 603
f(1424) = 106
f(1425) = 1412
f(1426) = 954
f(1427) = 1103
f(1428) = 149
f(1429) = 686
f(1430) = 383
f(1431) = 443
f(1432) = 662
f(1433) = 947
f(1434) = 1413
f(1435) = 434
f(1436) = 1290
f(1437) = 556
f(1438) = 1047
f(1439) = 221
f(1440) = 1106
f(1441) = 979
f(1442) = 613
f(1443) = 1168
f(1444) = 537
f(1445) = 11
f(1446) = 438
f(1447) = 12
f(1448) = 984
f(1449) = 247
f(1450) = 191
f(1451) = 1437
f(1452) = 1377
f(1453) = 1094
f(1454) = 830
f(1455) = 1345
f(1456) = 1094
f(1457) = 993
f(1458) = 489
f(1459) = 283
f(1460) = 745
f(1461) = 744
f(1462) = 460
f(1463) = 569
f(1464) = 432
f(1465) = 1148
f(1466) = 727
f(1467) = 99
f(1468) = 1200
f(1469) = 725
f(1470) = 276
f(1471) = 989
f(1472) = 1392
f(1473) = 977
f(1474) = 860
f(1475) = 1150
f(1476) = 451
f(1477) = 1451
f(1478) = 1221
f(1479) = 1280
f(1480) = 1436
f(1481) = 627
f(1482) = 1406
f(1483) = 942
f(1484) = 113
f(1485) = 239
f(1486) = 444
f(1487) = 365
f(1488) = 1340
f(1489) = 610
f(1490) = 718
f(1491) = 1491
f(1492) = 1254
f(1493) = 503
f(1494) = 217
f(1495) = 1430
f(1496) = 254
f(1497) = 1311
f(1498) = 74
f(1499) = 416
f(1500) = 1162
f(1501) = 466
f(1502) = 401
f(1503) = 648
f(1504) = 1056
f(1505) = 603
f(1506) = 377
f(1507) = 936
f(1508) = 1085
f(1509) = 1475
f(1510) = 1384
f(1511) = 1115
f(1512) = 972
f(1513) = 465
f(1514) = 1195
f(1515) = 1173
f(1516) = 595
f(1517) = 1440
f(1518) = 913
f(1519) = 252
f(1520) = 598
f(1521) = 1420
f(1522) = 1227
f(1523) = 353
f(1524) = 426
f(1525) = 979
f(1526) = 689
f(1527) = 559
f(1528) = 1347
f(1529) = 356
f(1530) = 337
f(1531) = 362
f(1532) = 146
f(1533) = 979
f(1534) = 1028
f(1535) = 74
f(1536) = 1174
f(1537) = 173
f(1538) = 539
f(1539) = 685
f(1540) = 69
f(1541) = 1081
f(1542) = 1068
f(1543) = 642
f(1544) = 895
f(1545) = 1366
f(1546) = 430
f(1547) = 183
f(1548) = 231
f(1549) = 541
f(1550) = 985
f(1551) = 637
f(1552) = 358
f(1553) = 264
f(1554) = 466
f(1555) = 441
f(1556) = 1274
f(1557) = 711
f(1558) = 971
f(1559) = 1332
f(1560) = 391
f(1561) = 805
f(1562) = 729
f(1563) = 861
f(1564) = 681
f(1565) = 1279
f(1566) = 1377
f(1567) = 572
f(1568) = 227
f(1569) = 635
f(1570) = 726
f(1571) = 178
f(1572) = 1191
f(1573) = 1403
f(1574) = 779
f(1575) = 650
f(1576) = 257
f(1577) = 835
f(1578) = 295
f(1579) = 820
f(1580) = 190
f(1581) = 439
f(1582) = 836
f(1583) = 426
f(1584) = 302
f(1585) = 272
f(1586) = 42
f(1587) = 1000
f(1588) = 1090
f(1589) = 40
f(1590) = 1152
f(1591) = 617
f(1592) = 342
f(1593) = 938
f(1594) = 256
f(1595) = 420
f(1596) = 526
f(1597) = 928
f(1598) = 1242
f(1599) = 261
f(1600) = 467
f(1601) = 228
f(1602) = 1509
f(1603) = 1377
f(1604) = 411
f(1605) = 315
f(1606) = 363
f(1607) = 970
f(1608) = 861
f(1609) = 1457
f(1610) = 493
f(1611) = 336
f(1612) = 771
f(1613) = 21
f(1614) = 1240
f(1615) = 1113
f(1616) = 755
f(1617) = 926
f(1618) = 1424
f(1619) = 609
f(1620) = 519
f(1621) = 1553
f(1622) = 1134
f(1623) = 561
f(1624) = 284
f(1625) = 620
f(1626) = 347
f(1627) = 571
f(1628) = 805
f(1629) = 268
f(1630) = 135
f(1631) = 951
f(1632) = 409
f(1633) = 930
f(1634) = 742
f(1635) = 562
f(1636) = 315
f(1637) = 373
f(1638) = 182
f(1639) = 716
f(1640) = 842
f(1641) = 626
f(1642) = 193
f(1643) = 257
f(1644) = 1135
f(1645) = 1398
f(1646) = 837
f(1647) = 1345
f(1648) = 1201
f(1649) = 12
f(1650) = 1592
f(1651) = 937
f(1652) = 961
f(1653) = 485
f(1654) = 291
f(1655) = 763
f(1656) = 996
f(1657) = 1630
f(1658) = 417
f(1659) = 746
f(1660) = 286
f(1661) = 795
f(1662) = 140
f(1663) = 1660
f(1664) = 443
f(1665) = 252
f(1666) = 1204
f(1667) = 992
f(1668) = 694
f(1669) = 1585
f(1670) = 1518
f(1671) = 1140
f(1672) = 698
f(1673) = 1649
f(1674) = 131
f(1675) = 1055
f(1676) = 643
f(1677) = 1602
f(1678) = 1142
f(1679) = 1640
f(1680) = 1615
f(1681) = 397
f(1682) = 694
f(1683) = 1395
f(1684) = 916
f(1685) = 1521
f(1686) = 465
f(1687) = 1118
f(1688) = 1242
f(1689) = 623
f(1690) = 928
f(1691) = 1421
f(1692) = 1217
f(1693) = 175
f(1694) = 619
f(1695) = 185
f(1696) = 1519
f(1697) = 1604
f(1698) = 1091
f(1699) = 1263
f(1700) = 727
f(1701) = 662
f(1702) = 531
f(1703) = 1582
f(1704) = 1388
f(1705) = 1441
f(1706) = 1492
f(1707) = 1048
f(1708) = 210
f(1709) = 619
f(1710) = 97
f(1711) = 903
f(1712) = 747
f(1713) = 1633
f(1714) = 717
f(1715) = 857
f(1716) = 1331
f(1717) = 844
f(1718) = 294
f(1719) = 690
f(1720) = 1438
f(1721) = 893
f(1722) = 1139
f(1723) = 284
f(1724) = 849
f(1725) = 280
f(1726) = 997
f(1727) = 580
f(1728) = 1347
f(1729) = 1056
f(1730) = 1119
f(1731) = 1381
f(1732) = 108
f(1733) = 541
f(1734) = 1570
f(1735) = 251
f(1736) = 776
f(1737) = 862
f(1738) = 798
f(1739) = 1232
f(1740) = 1651
f(1741) = 1100
f(1742) = 1559
f(1743) = 1512
f(1744) = 1491
f(1745) = 1013
f(1746) = 1528
f(1747) = 1703
f(1748) = 872
f(1749) = 1693
f(1750) = 1624
f(1751) = 1293
f(1752) = 1545
f(1753) = 465
f(1754) = 1573
f(1755) = 442
f(1756) = 1474
f(1757) = 226
f(1758) = 117
f(1759) = 1287
f(1760) = 1495
f(1761) = 1015
f(1762) = 1185
f(1763) = 1575
f(1764) = 1375
f(1765) = 677
f(1766) = 584
f(1767) = 444
f(1768) = 815
f(1769) = 253
f(1770) = 1604
f(1771) = 1071
f(1772) = 1180
f(1773) = 770
f(1774) = 257
f(1775) = 1769
f(1776) = 970
f(1777) = 1509
f(1778) = 443
f(1779) = 1272
f(1780) = 1676
f(1781) = 198
f(1782) = 1663
f(1783) = 1253
f(1784) = 680
f(1785) = 620
f(1786) = 758
f(1787) = 686
f(1788) = 1669
f(1789) = 156
f(1790) = 24
f(1791) = 1077
f(1792) = 339
f(1793) = 263
f(1794) = 1436
f(1795) = 1118
f(1796) = 811
f(1797) = 960
f(1798) = 265
f(1799) = 973
f(1800) = 1790
f(1801) = 1718
f(1802) = 1424
f(1803) = 1708
f(1804) = 1606
f(1805) = 603
f(1806) = 312
f(1807) = 584
f(1808) = 920
f(1809) = 1330
f(1810) = 1686
f(1811) = 1362
f(1812) = 388
f(1813) = 261
f(1814) = 537
f(1815) = 299
f(1816) = 595
f(1817) = 925
f(1818) = 816
f(1819) = 922
f(1820) = 289
f(1821) = 1106
f(1822) = 3
f(1823) = 895
f(1824) = 1344
f(1825) = 1148
f(1826) = 1067
f(1827) = 303
f(1828) = 47
f(1829) = 1408
f(1830) = 864
f(1831) = 980
f(1832) = 1227
f(1833) = 782
f(1834) = 1815
f(1835) = 496
f(1836) = 323
f(1837) = 1305
f(1838) = 1680
f(1839) = 739
f(1840) = 411
f(1841) = 69
f(1842) = 873
f(1843) = 937
f(1844) = 1759
f(1845) = 1141
f(1846) = 739
f(1847) = 525
f(1848) = 174
f(1849) = 471
f(1850) = 158
f(1851) = 597
f(1852) = 248
f(1853) = 1805
f(1854) = 756
f(1855) = 177
f(1856) = 904
f(1857) = 1405
f(1858) = 1111
f(1859) = 1215
f(1860) = 1355
f(1861) = 1162
f(1862) = 112
f(1863) = 689
f(1864) = 1363
f(1865) = 246
f(1866) = 877
f(1867) = 761
f(1868) = 1328
f(1869) = 471
f(1870) = 454
f(1871) = 1529
f(1872) = 311
f(1873) = 857
f(1874) = 1409
f(1875) = 1513
f(1876) = 614
f(1877) = 187
f(1878) = 429
f(1879) = 332
f(1880) = 1189
f(1881) = 843
f(1882) = 1469
f(1883) = 133
f(1884) = 747
f(1885) = 372
f(1886) = 1016
f(1887) = 252
f(1888) = 731
f(1889) = 296
f(1890) = 745
f(1891) = 1129
f(1892) = 414
f(1893) = 1603
f(1894) = 1004
f(1895) = 1160
f(1896) = 1063
f(1897) = 155
f(1898) = 709
f(1899) = 1373
f(1900) = 864
f(1901) = 1747
f(1902) = 130
f(1903) = 42
f(1904) = 1045
f(1905) = 371
f(1906) = 330
f(1907) = 607
f(1908) = 814
f(1909) = 1106
f(1910) = 410
f(1911) = 836
f(1912) = 1043
f(1913) = 473
f(1914) = 1796
f(1915) = 1318
f(1916) = 1623
f(1917) = 1760
f(1918) = 422
f(1919) = 138
f(1920) = 497
f(1921) = 1140
f(1922) = 1454
f(1923) = 1866
f(1924) = 818
f(1925) = 1750
f(1926) = 330
f(1927) = 384
f(1928) = 1743
f(1929) = 1571
f(1930) = 1044
f(1931) = 998
f(1932) = 1278
f(1933) = 361
f(1934) = 332
f(1935) = 683
f(1936) = 221
f(1937) = 1870
f(1938) = 1673
f(1939) = 1183
f(1940) = 618
f(1941) = 1567
f(1942) = 119
f(1943) = 431
f(1944) = 1271
f(1945) = 745
f(1946) = 1316
f(1947) = 547
f(1948) = 1849
f(1949) = 619
f(1950) = 1112
f(1951) = 343
f(1952) = 229
f(1953) = 1056
f(1954) = 1949
f(1955) = 1666
f(1956) = 1743
f(1957) = 436
f(1958) = 540
f(1959) = 782
f(1960) = 1868
f(1961) = 615
f(1962) = 910
f(1963) = 597
f(1964) = 663
f(1965) = 950
f(1966) = 814
f(1967) = 1714
f(1968) = 33
f(1969) = 1021
f(1970) = 1524
f(1971) = 574
f(1972) = 1449
f(1973) = 1760
f(1974) = 1890
f(1975) = 1061
f(1976) = 82
f(1977) = 1686
f(1978) = 1762
f(1979) = 1507
f(1980) = 1475
f(1981) = 1299
f(1982) = 439
f(1983) = 1104
f(1984) = 1061
f(1985) = 410
f(1986) = 916
f(1987) = 1274
f(1988) = 274
f(1989) = 1154
f(1990) = 700
f(1991) = 1965
f(1992) = 794
f(1993) = 397
f(1994) = 201
f(1995) = 1312
f(1996) = 477
f(1997) = 414
f(1998) = 1580
f(1999) = 894
f(2000) = 344
f(2001) = 162
f(2002) = 1089
f(2003) = 717
f(2004) = 338
f(2005) = 798
f(2006) = 709
f(2007) = 657
f(2008) = 582
f(2009) = 267
f(2010) = 3
f(2011) = 813
f(2012) = 34
f(2013) = 1482
f(2014) = 1600
f(2015) = 1667
f(2016) = 76
f(2017) = 1241
f(2018) = 985
f(2019) = 1182
f(2020) = 93
f(2021) = 1752
f(2022) = 1409
f(2023) = 848
f(2024) = 792
f(2025) = 1913
f(2026) = 1671
f(2027) = 1567
f(2028) = 943
f(2029) = 1231
f(2030) = 1986
f(2031) = 1993
f(2032) = 879
f(2033) = 688
f(2034) = 455
f(2035) = 739
f(2036) = 884
f(2037) = 1398
f(2038) = 1843
f(2039) = 1642
f(2040) = 1850
f(2041) = 1402
f(2042) = 1943
f(2043) = 1170
f(2044) = 369
f(2045) = 1980
f(2046) = 413
f(2047) = 1859
f(2048) = 1957
f(2049) = 454
f(2050) = 516
f(2051) = 859
f(2052) = 341
f(2053) = 1333
f(2054) = 983
f(2055) = 2030
f(2056) = 1529
f(2057) = 1934
f(2058) = 342
f(2059) = 118
f(2060) = 193
f(2061) = 9
f(2062) = 1623
f(2063) = 1526
f(2064) = 1882
f(2065) = 1923
f(2066) = 478
f(2067) = 957
f(2068) = 1786
f(2069) = 232
f(2070) = 1574
f(2071) = 1608
f(2072) = 1778
f(2073) = 1132
f(2074) = 1322
f(2075) = 551
f(2076) = 402
f(2077) = 1035
f(2078) = 1835
f(2079) = 189
f(2080) = 960
f(2081) = 1004
f(2082) = 1917
f(2083) = 1090
f(2084) = 317
f(2085) = 673
f(2086) = 1373
f(2087) = 1735
f(2088) = 1699
f(2089) = 1302
f(2090) = 109
f(2091) = 272
f(2092) = 187
f(2093) = 166
f(2094) = 1062
f(2095) = 12
f(2096) = 1693
f(2097) = 1658
f(2098) = 1714
f(2099) = 2056
f(2100) = 277
f(2101) = 1834
f(2102) = 1702
f(2103) = 1869
f(2104) = 64
f(2105) = 263
f(2106) = 1878
f(2107) = 340
f(2108) = 1192
f(2109) = 298
f(2110) = 1703
f(2111) = 336
f(2112) = 544
f(2113) = 1130
f(2114) = 1291
f(2115) = 1858
f(2116) = 1065
f(2117) = 770
f(2118) = 553
f(2119) = 1841
f(2120) = 598
f(2121) = 632
f(2122) = 1375
f(2123) = 302
f(2124) = 2089
f(2125) = 525
f(2126) = 521
f(2127) = 1953
f(2128) = 1631
f(2129) = 701
f(2130) = 83
f(2131) = 1198
f(2132) = 13
f(2133) = 215
f(2134) = 332
f(2135) = 2057
f(2136) = 629
f(2137) = 1719
f(2138) = 1734
f(2139) = 2059
f(2140) = 1858
f(2141) = 1601
f(2142) = 269
f(2143) = 2078
f(2144) = 162
f(2145) = 732
f(2146) = 640
f(2147) = 97
f(2148) = 1920
f(2149) = 326
f(2150) = 971
f(2151) = 320
f(2152) = 2143
f(2153) = 443
f(2154) = 1845
f(2155) = 250
f(2156) = 258
f(2157) = 565
f(2158) = 606
f(2159) = 280
f(2160) = 1973
f(2161) = 832
f(2162) = 1986
f(2163) = 458
f(2164) = 443
f(2165) = 1866
f(2166) = 534
f(2167) = 549
f(2168) = 427
f(2169) = 925
f(2170) = 1707
f(2171) = 1486
f(2172) = 1142
f(2173) = 907
f(2174) = 1548
f(2175) = 1738
f(2176) = 1553
f(2177) = 410
f(2178) = 1108
f(2179) = 1779
f(2180) = 633
f(2181) = 476
f(2182) = 983
f(2183) = 1058
f(2184) = 939
f(2185) = 981
f(2186) = 231
f(2187) = 1717
f(2188) = 967
f(2189) = 807
f(2190) = 1749
f(2191) = 1955
f(2192) = 1175
f(2193) = 322
f(2194) = 1292
f(2195) = 1722
f(2196) = 36
f(2197) = 1304
f(2198) = 1063
f(2199) = 1276
f(2200) = 1555
f(2201) = 1238
f(2202) = 1826
f(2203) = 457
f(2204) = 1787
f(2205) = 199
f(2206) = 401
f(2207) = 847
f(2208) = 1238
f(2209) = 707
f(2210) = 1046
f(2211) = 1832
f(2212) = 273
f(2213) = 216
f(2214) = 736
f(2215) = 902
f(2216) = 775
f(2217) = 972
f(2218) = 1426
f(2219) = 1505
f(2220) = 1871
f(2221) = 1657
f(2222) = 260
f(2223) = 1127
f(2224) = 1670
f(2225) = 211
f(2226) = 812
f(2227) = 3
f(2228) = 321
f(2229) = 978
f(2230) = 167
f(2231) = 939
f(2232) = 363
f(2233) = 147
f(2234) = 2179
f(2235) = 657
f(2236) = 1308
f(2237) = 30
f(2238) = 106
f(2239) = 51
f(2240) = 395
f(2241) = 246
f(2242) = 892
f(2243) = 714
f(2244) = 964
f(2245) = 1223
f(2246) = 475
f(2247) = 759
f(2248) = 1519
f(2249) = 437
f(2250) = 1605
f(2251) = 1859
f(2252) = 426
f(2253) = 325
f(2254) = 1782
f(2255) = 841
f(2256) = 726
f(2257) = 2216
f(2258) = 1958
f(2259) = 921
f(2260) = 2109
f(2261) = 1585
f(2262) = 175
f(2263) = 2092
f(2264) = 1485
f(2265) = 1798
f(2266) = 1272
f(2267) = 256
f(2268) = 64
f(2269) = 2103
f(2270) = 69
f(2271) = 1080
f(2272) = 341
f(2273) = 1974
f(2274) = 1451
f(2275) = 460
f(2276) = 882
f(2277) = 2188
f(2278) = 2122
f(2279) = 1328
f(2280) = 2203
f(2281) = 256
f(2282) = 1920
f(2283) = 1382
f(2284) = 1632
f(2285) = 490
f(2286) = 2044
f(2287) = 124
f(2288) = 119
f(2289) = 1726
f(2290) = 1872
f(2291) = 2229
f(2292) = 233
f(2293) = 1354
f(2294) = 127
f(2295) = 1253
f(2296) = 162
f(2297) = 1090
f(2298) = 1186
f(2299) = 1522
f(2300) = 2070
f(2301) = 611
f(2302) = 203
f(2303) = 1771
f(2304) = 2066
f(2305) = 2283
f(2306) = 296
f(2307) = 2192
f(2308) = 828
f(2309) = 2254
f(2310) = 1096
f(2311) = 1735
f(2312) = 693
f(2313) = 1785
f(2314) = 70
f(2315) = 2017
f(2316) = 1217
f(2317) = 1658
f(2318) = 1192
f(2319) = 2142
f(2320) = 621
f(2321) = 2030
f(2322) = 2115
f(2323) = 1462
f(2324) = 793
f(2325) = 2052
f(2326) = 1502
f(2327) = 1177
f(2328) = 1717
f(2329) = 1688
f(2330) = 1799
f(2331) = 1259
f(2332) = 1769
f(2333) = 13
f(2334) = 1758
f(2335) = 2140
f(2336) = 1454
f(2337) = 220
f(2338) = 613
f(2339) = 125
f(2340) = 1463
f(2341) = 1888
f(2342) = 1377
f(2343) = 1698
f(2344) = 990
f(2345) = 1505
f(2346) = 1483
f(2347) = 2314
f(2348) = 567
f(2349) = 1673
f(2350) = 1023
f(2351) = 1963
f(2352) = 261
f(2353) = 1065
f(2354) = 990
f(2355) = 1568
f(2356) = 1768
f(2357) = 1031
f(2358) = 298
f(2359) = 1757
f(2360) = 557
f(2361) = 1861
f(2362) = 375
f(2363) = 133
f(2364) = 1228
f(2365) = 1424
f(2366) = 1143
f(2367) = 1343
f(2368) = 1770
f(2369) = 199
f(2370) = 110
f(2371) = 201
f(2372) = 680
f(2373) = 1860
f(2374) = 1549
f(2375) = 998
f(2376) = 1245
f(2377) = 2074
f(2378) = 1340
f(2379) = 1885
f(2380) = 1391
f(2381) = 1450
f(2382) = 923
f(2383) = 62
f(2384) = 1604
f(2385) = 1261
f(2386) = 877
f(2387) = 2261
f(2388) = 1144
f(2389) = 910
f(2390) = 1409
f(2391) = 2072
f(2392) = 1998
f(2393) = 287
f(2394) = 108
f(2395) = 1034
f(2396) = 793
f(2397) = 2042
f(2398) = 577
f(2399) = 463
f(2400) = 1730
f(2401) = 2147
f(2402) = 508
f(2403) = 1496
f(2404) = 555
f(2405) = 1669
f(2406) = 2095
f(2407) = 1700
f(2408) = 786
f(2409) = 493
f(2410) = 503
f(2411) = 234
f(2412) = 939
f(2413) = 473
f(2414) = 625
f(2415) = 1229
f(2416) = 514
f(2417) = 863
f(2418) = 1372
f(2419) = 1514
f(2420) = 1366
f(2421) = 2150
f(2422) = 2141
f(2423) = 288
f(2424) = 40
f(2425) = 2377
f(2426) = 1248
f(2427) = 1165
f(2428) = 439
f(2429) = 483
f(2430) = 2172
f(2431) = 420
f(2432) = 784
f(2433) = 1639
f(2434) = 1613
f(2435) = 475
f(2436) = 1520
f(2437) = 1929
f(2438) = 2349
f(2439) = 1686
f(2440) = 827
f(2441) = 1195
f(2442) = 1708
f(2443) = 2136
f(2444) = 1313
f(2445) = 1901
f(2446) = 1654
f(2447) = 872
f(2448) = 928
f(2449) = 1904
f(2450) = 251
f(2451) = 1486
f(2452) = 201
f(2453) = 628
f(2454) = 2062
f(2455) = 1500
f(2456) = 1642
f(2457) = 1445
f(2458) = 1474
f(2459) = 641
f(2460) = 788
f(2461) = 142
f(2462) = 1854
f(2463) = 406
f(2464) = 2238
f(2465) = 1336
f(2466) = 1443
f(2467) = 1757
f(2468) = 1031
f(2469) = 2184
f(2470) = 1943
f(2471) = 456
f(2472) = 2111
f(2473) = 411
f(2474) = 2473
f(2475) = 2209
f(2476) = 842
f(2477) = 86
f(2478) = 1072
f(2479) = 842
f(2480) = 840
f(2481) = 1365
f(2482) = 1241
f(2483) = 363
f(2484) = 1933
f(2485) = 1083
f(2486) = 302
f(2487) = 1844
f(2488) = 961
f(2489) = 2383
f(2490) = 2180
f(2491) = 1899
f(2492) = 151
f(2493) = 1512
f(2494) = 1585
f(2495) = 16
f(2496) = 1819
f(2497) = 1052
f(2498) = 2193
f(2499) = 1521
f(2500) = 695
f(2501) = 932
f(2502) = 2445
f(2503) = 432
f(2504) = 541
f(2505) = 1113
f(2506) = 2393
f(2507) = 1877
f(2508) = 433
f(2509) = 1084
f(2510) = 2344
f(2511) = 2022
f(2512) = 1568
f(2513) = 204
f(2514) = 2323
f(2515) = 110
f(2516) = 738
f(2517) = 975
f(2518) = 63
f(2519) = 2370
f(2520) = 20
f(2521) = 1794
f(2522) = 637
f(2523) = 1909
f(2524) = 973
f(2525) = 2111
f(2526) = 1054
f(2527) = 2273
f(2528) = 2140
f(2529) = 992
f(2530) = 937
f(2531) = 1433
f(2532) = 1636
f(2533) = 673
f(2534) = 155
f(2535) = 202
f(2536) = 34
f(2537) = 1250
f(2538) = 2405
f(2539) = 256
f(2540) = 834
f(2541) = 1100
f(2542) = 355
f(2543) = 1629
f(2544) = 847
f(2545) = 402
f(2546) = 166
f(2547) = 2047
f(2548) = 1578
f(2549) = 154
f(2550) = 813
f(2551) = 1992
f(2552) = 1648
f(2553) = 534
f(2554) = 504
f(2555) = 706
f(2556) = 1024
f(2557) = 2529
f(2558) = 1104
f(2559) = 2231
f(2560) = 1407
f(2561) = 2389
f(2562) = 183
f(2563) = 2047
f(2564) = 1781
f(2565) = 2119
f(2566) = 1361
f(2567) = 807
f(2568) = 1411
f(2569) = 1734
f(2570) = 139
f(2571) = 1646
f(2572) = 2101
f(2573) = 565
f(2574) = 2204
f(2575) = 91
f(2576) = 302
f(2577) = 11
f(2578) = 1169
f(2579) = 1037
f(2580) = 1166
f(2581) = 170
f(2582) = 2526
f(2583) = 743
f(2584) = 1315
f(2585) = 405
f(2586) = 1467
f(2587) = 153
f(2588) = 1958
f(2589) = 615
f(2590) = 1382
f(2591) = 2440
f(2592) = 196
f(2593) = 2170
f(2594) = 189
f(2595) = 139
f(2596) = 1422
f(2597) = 1994
f(2598) = 1926
f(2599) = 1678
f(2600) = 1203
f(2601) = 182
f(2602) = 2335
f(2603) = 407
f(2604) = 987
f(2605) = 2576
f(2606) = 2298
f(2607) = 921
f(2608) = 994
f(2609) = 519
f(2610) = 1931
f(2611) = 1959
f(2612) = 232
f(2613) = 1522
f(2614) = 1549
f(2615) = 2460
f(2616) = 768
f(2617) = 525
f(2618) = 2280
f(2619) = 885
f(2620) = 1164
f(2621) = 581
f(2622) = 344
f(2623) = 1497
f(2624) = 2244
f(2625) = 1571
f(2626) = 1024
f(2627) = 977
f(2628) = 1162
f(2629) = 1224
f(2630) = 616
f(2631) = 2042
f(2632) = 2498
f(2633) = 1323
f(2634) = 2452
f(2635) = 2449
f(2636) = 2180
f(2637) = 1344
f(2638) = 119
f(2639) = 1803
f(2640) = 1769
f(2641) = 1302
f(2642) = 2452
f(2643) = 583
f(2644) = 1962
f(2645) = 1986
f(2646) = 1407
f(2647) = 1009
f(2648) = 1637
f(2649) = 1282
f(2650) = 2590
f(2651) = 78
f(2652) = 2412
f(2653) = 2078
f(2654) = 2077
f(2655) = 2651
f(2656) = 2593
f(2657) = 1056
f(2658) = 2200
f(2659) = 1761
f(2660) = 594
f(2661) = 2267
f(2662) = 1183
f(2663) = 1395
f(2664) = 2371
f(2665) = 1346
f(2666) = 59
f(2667) = 1040
f(2668) = 2195
f(2669) = 2606
f(2670) = 643
f(2671) = 1048
f(2672) = 26
f(2673) = 1191
f(2674) = 891
f(2675) = 42
f(2676) = 1917
f(2677) = 2057
f(2678) = 1951
f(2679) = 295
f(2680) = 2622
f(2681) = 434
f(2682) = 121
f(2683) = 1271
f(2684) = 490
f(2685) = 11
f(2686) = 1389
f(2687) = 1499
f(2688) = 908
f(2689) = 827
f(2690) = 716
f(2691) = 107
f(2692) = 152
f(2693) = 2598
f(2694) = 2164
f(2695) = 1492
f(2696) = 2565
f(2697) = 1620
f(2698) = 1507
f(2699) = 553
f(2700) = 1968
f(2701) = 936
f(2702) = 802
f(2703) = 118
f(2704) = 800
f(2705) = 2665
f(2706) = 1111
f(2707) = 296
f(2708) = 1453
f(2709) = 339
f(2710) = 2179
f(2711) = 419
f(2712) = 862
f(2713) = 524
f(2714) = 1134
f(2715) = 2335
f(2716) = 1336
f(2717) = 2371
f(2718) = 1463
f(2719) = 1631
f(2720) = 563
f(2721) = 893
f(2722) = 361
f(2723) = 1041
f(2724) = 1210
f(2725) = 938
f(2726) = 1120
f(2727) = 644
f(2728) = 199
f(2729) = 584
f(2730) = 839
f(2731) = 1430
f(2732) = 884
f(2733) = 1090
f(2734) = 78
f(2735) = 1624
f(2736) = 294
f(2737) = 449
f(2738) = 636
f(2739) = 247
f(2740) = 1152
f(2741) = 1920
f(2742) = 488
f(2743) = 2562
f(2744) = 713
f(2745) = 1238
f(2746) = 1733
f(2747) = 826
f(2748) = 631
f(2749) = 1140
f(2750) = 1266
f(2751) = 1283
f(2752) = 2304
f(2753) = 1558
f(2754) = 612
f(2755) = 1012
f(2756) = 953
f(2757) = 1267
f(2758) = 111
f(2759) = 1926
f(2760) = 2577
f(2761) = 2110
f(2762) = 893
f(2763) = 449
f(2764) = 953
f(2765) = 1668
f(2766) = 1865
f(2767) = 1044
f(2768) = 2651
f(2769) = 773
f(2770) = 1819
f(2771) = 85
f(2772) = 182
f(2773) = 472
f(2774) = 1489
f(2775) = 2697
f(2776) = 2637
f(2777) = 1950
f(2778) = 1566
f(2779) = 2240
f(2780) = 572
f(2781) = 480
f(2782) = 2571
f(2783) = 1062
f(2784) = 523
f(2785) = 2085
f(2786) = 1899
f(2787) = 2760
f(2788) = 2425
f(2789) = 325
f(2790) = 2495
f(2791) = 332
f(2792) = 324
f(2793) = 2212
f(2794) = 2121
f(2795) = 1024
f(2796) = 1587
f(2797) = 342
f(2798) = 2243
f(2799) = 2758
f(2800) = 2206
f(2801) = 611
f(2802) = 2691
f(2803) = 339
f(2804) = 983
f(2805) = 2179
f(2806) = 482
f(2807) = 2717
f(2808) = 2373
f(2809) = 1461
f(2810) = 774
f(2811) = 2005
f(2812) = 187
f(2813) = 1153
f(2814) = 1559
f(2815) = 2573
f(2816) = 1628
f(2817) = 72
f(2818) = 2707
f(2819) = 729
f(2820) = 511
f(2821) = 509
f(2822) = 721
f(2823) = 317
f(2824) = 2640
f(2825) = 1186
f(2826) = 2527
f(2827) = 620
f(2828) = 675
f(2829) = 503
f(2830) = 310
f(2831) = 2063
f(2832) = 1897
f(2833) = 2043
f(2834) = 94
f(2835) = 18
f(2836) = 1873
f(2837) = 2343
f(2838) = 2795
f(2839) = 278
f(2840) = 2472
f(2841) = 37
f(2842) = 1132
f(2843) = 1042
f(2844) = 551
f(2845) = 1333
f(2846) = 1694
f(2847) = 836
f(2848) = 284
f(2849) = 881
f(2850) = 1110
f(2851) = 850
f(2852) = 976
f(2853) = 75
f(2854) = 827
f(2855) = 2397
f(2856) = 182
f(2857) = 1313
f(2858) = 2835
f(2859) = 1283
f(2860) = 2325
f(2861) = 759
f(2862) = 1464
f(2863) = 7
f(2864) = 2306
f(2865) = 2404
f(2866) = 2523
f(2867) = 2396
f(2868) = 2677
f(2869) = 2366
f(2870) = 2848
f(2871) = 1875
f(2872) = 2737
f(2873) = 1453
f(2874) = 2646
f(2875) = 1518
f(2876) = 135
f(2877) = 1857
f(2878) = 2555
f(2879) = 834
f(2880) = 2476
f(2881) = 1228
f(2882) = 1728
f(2883) = 2344
f(2884) = 2740
f(2885) = 2351
f(2886) = 2714
f(2887) = 239
f(2888) = 1970
f(2889) = 1808
f(2890) = 350
f(2891) = 1238
f(2892) = 1032
f(2893) = 94
f(2894) = 2370
f(2895) = 2564
f(2896) = 1029
f(2897) = 668
f(2898) = 2360
f(2899) = 561
f(2900) = 2146
f(2901) = 2761
f(2902) = 2889
f(2903) = 1151
f(2904) = 646
f(2905) = 2881
f(2906) = 425
f(2907) = 2408
f(2908) = 1909
f(2909) = 730
f(2910) = 1940
f(2911) = 2364
f(2912) = 1162
f(2913) = 2071
f(2914) = 1663
f(2915) = 1233
f(2916) = 1221
f(2917) = 2181
f(2918) = 1333
f(2919) = 1079
f(2920) = 430
f(2921) = 169
f(2922) = 973
f(2923) = 506
f(2924) = 1350
f(2925) = 2274
f(2926) = 1054
f(2927) = 1486
f(2928) = 2121
f(2929) = 2609
f(2930) = 983
f(2931) = 1934
f(2932) = 1137
f(2933) = 1997
f(2934) = 604
f(2935) = 1445
f(2936) = 2149
f(2937) = 163
f(2938) = 1741
f(2939) = 2305
f(2940) = 150
f(2941) = 2224
f(2942) = 2511
f(2943) = 670
f(2944) = 146
f(2945) = 2832
f(2946) = 2174
f(2947) = 578
f(2948) = 1327
f(2949) = 29
f(2950) = 2502
f(2951) = 2734
f(2952) = 88
f(2953) = 2841
f(2954) = 1271
f(2955) = 2504
f(2956) = 1908
f(2957) = 623
f(2958) = 2636
f(2959) = 708
f(2960) = 2138
f(2961) = 1696
f(2962) = 1015
f(2963) = 1543
f(2964) = 550
f(2965) = 2547
f(2966) = 1965
f(2967) = 1064
f(2968) = 2023
f(2969) = 2299
f(2970) = 2158
f(2971) = 2420
f(2972) = 1016
f(2973) = 2873
f(2974) = 2448
f(2975) = 1944
f(2976) = 2623
f(2977) = 788
f(2978) = 2617
f(2979) = 1423
f(2980) = 535
f(2981) = 192
f(2982) = 21
f(2983) = 327
f(2984) = 2598
f(2985) = 1402
f(2986) = 940
f(2987) = 14
f(2988) = 2053
f(2989) = 848
f(2990) = 1260
f(2991) = 1501
f(2992) = 2646
f(2993) = 756
f(2994) = 2534
f(2995) = 586
f(2996) = 2684
f(2997) = 23
f(2998) = 2601
f(2999) = 652
f(3000) = 1613
f(3001) = 1140
f(3002) = 2201
f(3003) = 177
f(3004) = 174
f(3005) = 2291
f(3006) = 279
f(3007) = 2218
f(3008) = 1934
f(3009) = 3009
f(3010) = 1349
f(3011) = 2250
f(3012) = 746
f(3013) = 21
f(3014) = 686
f(3015) = 51
f(3016) = 1828
f(3017) = 2981
f(3018) = 862
f(3019) = 2974
f(3020) = 1194
f(3021) = 1944
f(3022) = 2124
f(3023) = 1762
f(3024) = 1152
f(3025) = 1709
f(3026) = 1899
f(3027) = 2820
f(3028) = 2995
f(3029) = 967
f(3030) = 2854
f(3031) = 1900
f(3032) = 489
f(3033) = 84
f(3034) = 500
f(3035) = 2714
f(3036) = 640
f(3037) = 207
f(3038) = 1975
f(3039) = 627
f(3040) = 1690
f(3041) = 1666
f(3042) = 1366
f(3043) = 2410
f(3044) = 1727
f(3045) = 2524
f(3046) = 1848
f(3047) = 541
f(3048) = 1393
f(3049) = 1093
f(3050) = 1828
f(3051) = 37
f(3052) = 1991
f(3053) = 2801
f(3054) = 1729
f(3055) = 1733
f(3056) = 987
f(3057) = 365
f(3058) = 636
f(3059) = 70
f(3060) = 1960
f(3061) = 426
f(3062) = 1196
f(3063) = 96
f(3064) = 2631
f(3065) = 2615
f(3066) = 2171
f(3067) = 2826
f(3068) = 1923
f(3069) = 2977
f(3070) = 2751
f(3071) = 2250
f(3072) = 2360
f(3073) = 1762
f(3074) = 2944
f(3075) = 1886
f(3076) = 2404
f(3077) = 771
f(3078) = 1511
f(3079) = 1517
f(3080) = 649
f(3081) = 2537
f(3082) = 413
f(3083) = 2262
f(3084) = 596
f(3085) = 1300
f(3086) = 186
f(3087) = 2282
f(3088) = 1187
f(3089) = 1523
f(3090) = 1418
f(3091) = 1400
f(3092) = 1323
f(3093) = 842
f(3094) = 146
f(3095) = 594
f(3096) = 744
f(3097) = 1786
f(3098) = 840
f(3099) = 2470
f(3100) = 135
f(3101) = 1902
f(3102) = 1441
f(3103) = 1390
f(3104) = 435
f(3105) = 2003
f(3106) = 835
f(3107) = 2674
f(3108) = 1939
f(3109) = 2872
f(3110) = 3046
f(3111) = 743
f(3112) = 2368
f(3113) = 412
f(3114) = 1924
f(3115) = 3031
f(3116) = 1582
f(3117) = 1719
f(3118) = 299
f(3119) = 1870
f(3120) = 2953
f(3121) = 2382
f(3122) = 2800
f(3123) = 2999
f(3124) = 2516
f(3125) = 629
f(3126) = 1737
f(3127) = 475
f(3128) = 1026
f(3129) = 1019
f(3130) = 1155
f(3131) = 1823
f(3132) = 2547
f(3133) = 1722
f(3134) = 2905
f(3135) = 638
f(3136) = 470
f(3137) = 2957
f(3138) = 1392
f(3139) = 1781
f(3140) = 512
f(3141) = 363
f(3142) = 1525
f(3143) = 1448
f(3144) = 948
f(3145) = 676
f(3146) = 1260
f(3147) = 199
f(3148) = 543
f(3149) = 3016
f(3150) = 3109
f(3151) = 1699
f(3152) = 1151
f(3153) = 367
f(3154) = 667
f(3155) = 711
f(3156) = 830
f(3157) = 2567
f(3158) = 2363
f(3159) = 2492
f(3160) = 1574
f(3161) = 368
f(3162) = 605
f(3163) = 661
f(3164) = 1763
f(3165) = 1290
f(3166) = 70
f(3167) = 378
f(3168) = 3026
f(3169) = 293
f(3170) = 132
f(3171) = 929
f(3172) = 455
f(3173) = 2561
f(3174) = 733
f(3175) = 2996
f(3176) = 2045
f(3177) = 1018
f(3178) = 1229
f(3179) = 2742
f(3180) = 1455
f(3181) = 727
f(3182) = 1884
f(3183) = 2813
f(3184) = 789
f(3185) = 442
f(3186) = 2254
f(3187) = 1526
f(3188) = 2401
f(3189) = 2508
f(3190) = 2491
f(3191) = 1383
f(3192) = 1608
f(3193) = 1302
f(3194) = 1466
f(3195) = 1897
f(3196) = 1563
f(3197) = 2666
f(3198) = 1575
f(3199) = 1943
f(3200) = 3188
f(3201) = 608
f(3202) = 992
f(3203) = 1563
f(3204) = 1089
f(3205) = 2356
f(3206) = 767
f(3207) = 369
f(3208) = 1754
f(3209) = 1019
f(3210) = 1110
f(3211) = 2560
f(3212) = 2682
f(3213) = 630
f(3214) = 2109
f(3215) = 297
f(3216) = 2985
f(3217) = 2201
f(3218) = 1997
f(3219) = 1659
f(3220) = 2588
f(3221) = 349
f(3222) = 70
f(3223) = 1742
f(3224) = 2573
f(3225) = 55
f(3226) = 3119
f(3227) = 198
f(3228) = 119
f(3229) = 2995
f(3230) = 774
f(3231) = 504
f(3232) = 1153
f(3233) = 630
f(3234) = 2142
f(3235) = 2808
f(3236) = 2352
f(3237) = 2939
f(3238) = 2242
f(3239) = 1783
f(3240) = 2242
f(3241) = 2540
f(3242) = 1099
f(3243) = 2065
f(3244) = 1553
f(3245) = 505
f(3246) = 444
f(3247) = 3010
f(3248) = 1709
f(3249) = 101
f(3250) = 248
f(3251) = 3229
f(3252) = 3176
f(3253) = 4
f(3254) = 2386
f(3255) = 54
f(3256) = 442
f(3257) = 2489
f(3258) = 13